<?xml version="1.0" encoding="UTF-8"?>
<!-- Generated by org.testng.reporters.JUnitReportReporter -->
<testsuite skipped="0" hostname="DESKTOP-14TN800" name="TestMavenFunctions.MavenJava.RegressionTest" tests="1" failures="0" timestamp="2021-05-25T13:30:18 IST" time="0.009" errors="0">
  <testcase name="f1" time="0.009" classname="TestMavenFunctions.MavenJava.RegressionTest"/>
  <system-out/>
</testsuite> <!-- TestMavenFunctions.MavenJava.RegressionTest -->
